c:\users\hyper\source\repos\term_project_dll\debug\vc143.pdb
c:\users\hyper\source\repos\term_project_dll\debug\vc143.idb
c:\users\hyper\source\repos\term_project_dll\debug\tp_record.obj
c:\users\hyper\source\repos\term_project_dll\debug\term_project_dll.ilk
c:\users\hyper\source\repos\term_project\debug\term_project_dll.dll
c:\users\hyper\source\repos\term_project\debug\term_project_dll.pdb
c:\users\hyper\source\repos\term_project\debug\term_project_dll.lib
c:\users\hyper\source\repos\term_project\debug\term_project_dll.exp
c:\users\hyper\source\repos\term_project_dll\debug\tp_record.res
c:\users\hyper\source\repos\term_project_dll\debug\term_project_dll.tlog\cl.command.1.tlog
c:\users\hyper\source\repos\term_project_dll\debug\term_project_dll.tlog\cl.items.tlog
c:\users\hyper\source\repos\term_project_dll\debug\term_project_dll.tlog\cl.read.1.tlog
c:\users\hyper\source\repos\term_project_dll\debug\term_project_dll.tlog\cl.write.1.tlog
c:\users\hyper\source\repos\term_project_dll\debug\term_project_dll.tlog\link.command.1.tlog
c:\users\hyper\source\repos\term_project_dll\debug\term_project_dll.tlog\link.read.1.tlog
c:\users\hyper\source\repos\term_project_dll\debug\term_project_dll.tlog\link.write.1.tlog
c:\users\hyper\source\repos\term_project_dll\debug\term_project_dll.tlog\link.write.2u.tlog
c:\users\hyper\source\repos\term_project_dll\debug\term_project_dll.tlog\rc.command.1.tlog
c:\users\hyper\source\repos\term_project_dll\debug\term_project_dll.tlog\rc.read.1.tlog
c:\users\hyper\source\repos\term_project_dll\debug\term_project_dll.tlog\rc.write.1.tlog
